<?xml version="1.0" encoding="UTF-8"?>
<!-- Generated by org.testng.reporters.JUnitReportReporter -->
<testsuite hostname="DESKTOP-1SFM1CA" name="com.qa.test.Summary_Page_Test" tests="2" failures="0" timestamp="29 Apr 2019 09:05:40 GMT" time="3.091" errors="0">
  <testcase name="verifysummary_title" time="0.010" classname="com.qa.test.Summary_Page_Test"/>
  <testcase name="click_proceedcheckout" time="3.081" classname="com.qa.test.Summary_Page_Test"/>
</testsuite> <!-- com.qa.test.Summary_Page_Test -->
