<?xml version="1.0" encoding="UTF-8"?>
<!-- Generated by org.testng.reporters.JUnitReportReporter -->
<testsuite hostname="DESKTOP-1SFM1CA" name="com.qa.testdata.IndexPage_Test" tests="3" failures="0" timestamp="23 Apr 2019 12:58:02 GMT" time="4.283" errors="0">
  <testcase name="select_product" time="2.222" classname="com.qa.testdata.IndexPage_Test"/>
  <testcase name="titletest" time="0.013" classname="com.qa.testdata.IndexPage_Test"/>
  <testcase name="search" time="2.048" classname="com.qa.testdata.IndexPage_Test"/>
</testsuite> <!-- com.qa.testdata.IndexPage_Test -->
