<?xml version="1.0" encoding="UTF-8"?>
<!-- Generated by org.testng.reporters.JUnitReportReporter -->
<testsuite hostname="DESKTOP-1SFM1CA" name="com.qa.test.SearchPage_Test" tests="4" failures="0" timestamp="30 Apr 2019 06:01:08 GMT" time="10.879" errors="0">
  <testcase name="verifytitletest" time="0.023" classname="com.qa.test.SearchPage_Test"/>
  <testcase name="clicktest" time="2.379" classname="com.qa.test.SearchPage_Test"/>
  <testcase name="add_to_cart" time="0.150" classname="com.qa.test.SearchPage_Test"/>
  <testcase name="checkout" time="8.327" classname="com.qa.test.SearchPage_Test"/>
</testsuite> <!-- com.qa.test.SearchPage_Test -->
